102.02.11 15:58 B F:\ir\reviews\sofrev06\EN401.gif <-- InfoResearch /Web/i/infres/ir/reviews/sofrev06 EN401.gif
102.02.11 15:58 B F:\ir\reviews\sofrev06\RefMgr.txt <-- InfoResearch /Web/i/infres/ir/reviews/sofrev06 RefMgr.txt
102.02.11 15:58 B F:\ir\reviews\sofrev06\RM9fig1.gif <-- InfoResearch /Web/i/infres/ir/reviews/sofrev06 RM9fig1.gif
102.02.11 15:58 B F:\ir\reviews\sofrev06\RM9fig10.gif <-- InfoResearch /Web/i/infres/ir/reviews/sofrev06 RM9fig10.gif
102.02.11 15:58 B F:\ir\reviews\sofrev06\RM9fig2.gif <-- InfoResearch /Web/i/infres/ir/reviews/sofrev06 RM9fig2.gif
102.02.11 15:58 B F:\ir\reviews\sofrev06\RM9fig3.gif <-- InfoResearch /Web/i/infres/ir/reviews/sofrev06 RM9fig3.gif
102.02.11 15:58 B F:\ir\reviews\sofrev06\RM9fig4.gif <-- InfoResearch /Web/i/infres/ir/reviews/sofrev06 RM9fig4.gif
102.02.11 15:58 B F:\ir\reviews\sofrev06\RM9fig5.gif <-- InfoResearch /Web/i/infres/ir/reviews/sofrev06 RM9fig5.gif
102.02.11 15:58 B F:\ir\reviews\sofrev06\RM9fig6.gif <-- InfoResearch /Web/i/infres/ir/reviews/sofrev06 RM9fig6.gif
102.02.11 15:58 B F:\ir\reviews\sofrev06\RM9fig7.gif <-- InfoResearch /Web/i/infres/ir/reviews/sofrev06 RM9fig7.gif
102.02.11 15:58 B F:\ir\reviews\sofrev06\RM9fig8.gif <-- InfoResearch /Web/i/infres/ir/reviews/sofrev06 RM9fig8.gif
102.02.11 15:58 B F:\ir\reviews\sofrev06\RM9fig9.gif <-- InfoResearch /Web/i/infres/ir/reviews/sofrev06 RM9fig9.gif
102.02.11 15:58 B F:\ir\reviews\sofrev06\sofrev06.html <-- InfoResearch /Web/i/infres/ir/reviews/sofrev06 sofrev06.html
2005.03.13 17:14 B C:\Documents and Settings\Tom Wilson\My Documents\InformationResearch\ir\reviews\sofrev06\EN401.gif --> vincent.lub.lu.se /ir/reviews/sofrev06 EN401.gif
2005.03.13 17:14 B C:\Documents and Settings\Tom Wilson\My Documents\InformationResearch\ir\reviews\sofrev06\Picasa.ini --> vincent.lub.lu.se /ir/reviews/sofrev06 Picasa.ini
2005.03.13 17:14 B C:\Documents and Settings\Tom Wilson\My Documents\InformationResearch\ir\reviews\sofrev06\RefMgr.txt --> vincent.lub.lu.se /ir/reviews/sofrev06 RefMgr.txt
2005.03.13 17:14 B C:\Documents and Settings\Tom Wilson\My Documents\InformationResearch\ir\reviews\sofrev06\RM9fig1.gif --> vincent.lub.lu.se /ir/reviews/sofrev06 RM9fig1.gif
2005.03.13 17:14 B C:\Documents and Settings\Tom Wilson\My Documents\InformationResearch\ir\reviews\sofrev06\RM9fig10.gif --> vincent.lub.lu.se /ir/reviews/sofrev06 RM9fig10.gif
2005.03.13 17:14 B C:\Documents and Settings\Tom Wilson\My Documents\InformationResearch\ir\reviews\sofrev06\RM9fig2.gif --> vincent.lub.lu.se /ir/reviews/sofrev06 RM9fig2.gif
2005.03.13 17:14 B C:\Documents and Settings\Tom Wilson\My Documents\InformationResearch\ir\reviews\sofrev06\RM9fig3.gif --> vincent.lub.lu.se /ir/reviews/sofrev06 RM9fig3.gif
2005.03.13 17:14 B C:\Documents and Settings\Tom Wilson\My Documents\InformationResearch\ir\reviews\sofrev06\RM9fig4.gif --> vincent.lub.lu.se /ir/reviews/sofrev06 RM9fig4.gif
2005.03.13 17:14 B C:\Documents and Settings\Tom Wilson\My Documents\InformationResearch\ir\reviews\sofrev06\RM9fig5.gif --> vincent.lub.lu.se /ir/reviews/sofrev06 RM9fig5.gif
2005.03.13 17:14 B C:\Documents and Settings\Tom Wilson\My Documents\InformationResearch\ir\reviews\sofrev06\RM9fig6.gif --> vincent.lub.lu.se /ir/reviews/sofrev06 RM9fig6.gif
2005.03.13 17:14 B C:\Documents and Settings\Tom Wilson\My Documents\InformationResearch\ir\reviews\sofrev06\RM9fig7.gif --> vincent.lub.lu.se /ir/reviews/sofrev06 RM9fig7.gif
2005.03.13 17:14 B C:\Documents and Settings\Tom Wilson\My Documents\InformationResearch\ir\reviews\sofrev06\RM9fig8.gif --> vincent.lub.lu.se /ir/reviews/sofrev06 RM9fig8.gif
2005.03.13 17:14 B C:\Documents and Settings\Tom Wilson\My Documents\InformationResearch\ir\reviews\sofrev06\RM9fig9.gif --> vincent.lub.lu.se /ir/reviews/sofrev06 RM9fig9.gif
2005.03.13 17:14 B C:\Documents and Settings\Tom Wilson\My Documents\InformationResearch\ir\reviews\sofrev06\sofrev06.html --> vincent.lub.lu.se /ir/reviews/sofrev06 sofrev06.html
2005.03.13 17:14 B C:\Documents and Settings\Tom Wilson\My Documents\InformationResearch\ir\reviews\sofrev06\WS_FTP.LOG --> vincent.lub.lu.se /ir/reviews/sofrev06 WS_FTP.LOG
2005.11.18 22:53 B C:\Documents and Settings\Tom Wilson\My Documents\InformationResearch\ir\reviews\sofrev06\Picasa.ini --> vincent.lub.lu.se /ir/reviews/sofrev06 Picasa.ini
