102.05.09 16:17 B D:\InformationRNet\ir\reviews\sofrev12\advsearch.gif <-- InfoResearch /Web/i/infres/ir/reviews/sofrev12 advsearch.gif
102.05.09 16:17 B D:\InformationRNet\ir\reviews\sofrev12\biblioword.gif <-- InfoResearch /Web/i/infres/ir/reviews/sofrev12 biblioword.gif
102.05.09 16:17 B D:\InformationRNet\ir\reviews\sofrev12\lookup.gif <-- InfoResearch /Web/i/infres/ir/reviews/sofrev12 lookup.gif
102.05.09 16:17 B D:\InformationRNet\ir\reviews\sofrev12\mainwindow.gif <-- InfoResearch /Web/i/infres/ir/reviews/sofrev12 mainwindow.gif
102.05.09 16:17 B D:\InformationRNet\ir\reviews\sofrev12\newref.gif <-- InfoResearch /Web/i/infres/ir/reviews/sofrev12 newref.gif
102.05.09 16:17 B D:\InformationRNet\ir\reviews\sofrev12\quick.gif <-- InfoResearch /Web/i/infres/ir/reviews/sofrev12 quick.gif
102.05.09 16:17 B D:\InformationRNet\ir\reviews\sofrev12\search.gif <-- InfoResearch /Web/i/infres/ir/reviews/sofrev12 search.gif
102.05.09 16:17 B D:\InformationRNet\ir\reviews\sofrev12\sofrev12.html <-- InfoResearch /Web/i/infres/ir/reviews/sofrev12 sofrev12.html
102.05.09 16:17 B D:\InformationRNet\ir\reviews\sofrev12\wordicons.gif <-- InfoResearch /Web/i/infres/ir/reviews/sofrev12 wordicons.gif
2005.03.13 17:18 B C:\Documents and Settings\Tom Wilson\My Documents\InformationResearch\ir\reviews\sofrev12\advsearch.gif --> vincent.lub.lu.se /ir/reviews/sofrev12 advsearch.gif
2005.03.13 17:18 B C:\Documents and Settings\Tom Wilson\My Documents\InformationResearch\ir\reviews\sofrev12\An Overview of Personal Bibliographic Software.htm --> vincent.lub.lu.se /ir/reviews/sofrev12 An Overview of Personal Bibliographic Software.htm
2005.03.13 17:18 B C:\Documents and Settings\Tom Wilson\My Documents\InformationResearch\ir\reviews\sofrev12\biblioword.gif --> vincent.lub.lu.se /ir/reviews/sofrev12 biblioword.gif
2005.03.13 17:19 B C:\Documents and Settings\Tom Wilson\My Documents\InformationResearch\ir\reviews\sofrev12\klingbeil_rev_372.doc --> vincent.lub.lu.se /ir/reviews/sofrev12 klingbeil_rev_372.doc
2005.03.13 17:19 B C:\Documents and Settings\Tom Wilson\My Documents\InformationResearch\ir\reviews\sofrev12\lookup.gif --> vincent.lub.lu.se /ir/reviews/sofrev12 lookup.gif
2005.03.13 17:19 B C:\Documents and Settings\Tom Wilson\My Documents\InformationResearch\ir\reviews\sofrev12\mainwindow.gif --> vincent.lub.lu.se /ir/reviews/sofrev12 mainwindow.gif
2005.03.13 17:19 B C:\Documents and Settings\Tom Wilson\My Documents\InformationResearch\ir\reviews\sofrev12\newref.gif --> vincent.lub.lu.se /ir/reviews/sofrev12 newref.gif
2005.03.13 17:19 B C:\Documents and Settings\Tom Wilson\My Documents\InformationResearch\ir\reviews\sofrev12\Picasa.ini --> vincent.lub.lu.se /ir/reviews/sofrev12 Picasa.ini
2005.03.13 17:19 B C:\Documents and Settings\Tom Wilson\My Documents\InformationResearch\ir\reviews\sofrev12\quick.gif --> vincent.lub.lu.se /ir/reviews/sofrev12 quick.gif
2005.03.13 17:19 B C:\Documents and Settings\Tom Wilson\My Documents\InformationResearch\ir\reviews\sofrev12\search.gif --> vincent.lub.lu.se /ir/reviews/sofrev12 search.gif
2005.03.13 17:19 B C:\Documents and Settings\Tom Wilson\My Documents\InformationResearch\ir\reviews\sofrev12\sofrev12.html --> vincent.lub.lu.se /ir/reviews/sofrev12 sofrev12.html
2005.03.13 17:19 B C:\Documents and Settings\Tom Wilson\My Documents\InformationResearch\ir\reviews\sofrev12\wordicons.gif --> vincent.lub.lu.se /ir/reviews/sofrev12 wordicons.gif
2005.03.13 17:19 B C:\Documents and Settings\Tom Wilson\My Documents\InformationResearch\ir\reviews\sofrev12\WS_FTP.LOG --> vincent.lub.lu.se /ir/reviews/sofrev12 WS_FTP.LOG
2005.11.18 22:54 B C:\Documents and Settings\Tom Wilson\My Documents\InformationResearch\ir\reviews\sofrev12\Picasa.ini --> vincent.lub.lu.se /ir/reviews/sofrev12 Picasa.ini
