2005.03.13 17:21 B C:\Documents and Settings\Tom Wilson\My Documents\InformationResearch\ir\reviews\sofrev18\Review\tpicons\book-closed.gif --> vincent.lub.lu.se /ir/reviews/sofrev18/Review/tpicons book-closed.gif
2005.03.13 17:21 B C:\Documents and Settings\Tom Wilson\My Documents\InformationResearch\ir\reviews\sofrev18\Review\tpicons\book-open.gif --> vincent.lub.lu.se /ir/reviews/sofrev18/Review/tpicons book-open.gif
2005.03.13 17:21 B C:\Documents and Settings\Tom Wilson\My Documents\InformationResearch\ir\reviews\sofrev18\Review\tpicons\default.gif --> vincent.lub.lu.se /ir/reviews/sofrev18/Review/tpicons default.gif
2005.03.13 17:21 B C:\Documents and Settings\Tom Wilson\My Documents\InformationResearch\ir\reviews\sofrev18\Review\tpicons\menu_bar.gif --> vincent.lub.lu.se /ir/reviews/sofrev18/Review/tpicons menu_bar.gif
2005.03.13 17:21 B C:\Documents and Settings\Tom Wilson\My Documents\InformationResearch\ir\reviews\sofrev18\Review\tpicons\menu_corner.gif --> vincent.lub.lu.se /ir/reviews/sofrev18/Review/tpicons menu_corner.gif
2005.03.13 17:21 B C:\Documents and Settings\Tom Wilson\My Documents\InformationResearch\ir\reviews\sofrev18\Review\tpicons\menu_corner_minus.gif --> vincent.lub.lu.se /ir/reviews/sofrev18/Review/tpicons menu_corner_minus.gif
2005.03.13 17:21 B C:\Documents and Settings\Tom Wilson\My Documents\InformationResearch\ir\reviews\sofrev18\Review\tpicons\menu_corner_plus.gif --> vincent.lub.lu.se /ir/reviews/sofrev18/Review/tpicons menu_corner_plus.gif
2005.03.13 17:21 B C:\Documents and Settings\Tom Wilson\My Documents\InformationResearch\ir\reviews\sofrev18\Review\tpicons\menu_folder_closed.gif --> vincent.lub.lu.se /ir/reviews/sofrev18/Review/tpicons menu_folder_closed.gif
2005.03.13 17:21 B C:\Documents and Settings\Tom Wilson\My Documents\InformationResearch\ir\reviews\sofrev18\Review\tpicons\menu_folder_open.gif --> vincent.lub.lu.se /ir/reviews/sofrev18/Review/tpicons menu_folder_open.gif
2005.03.13 17:21 B C:\Documents and Settings\Tom Wilson\My Documents\InformationResearch\ir\reviews\sofrev18\Review\tpicons\menu_new_root.gif --> vincent.lub.lu.se /ir/reviews/sofrev18/Review/tpicons menu_new_root.gif
2005.03.13 17:21 B C:\Documents and Settings\Tom Wilson\My Documents\InformationResearch\ir\reviews\sofrev18\Review\tpicons\menu_pixel.gif --> vincent.lub.lu.se /ir/reviews/sofrev18/Review/tpicons menu_pixel.gif
2005.03.13 17:21 B C:\Documents and Settings\Tom Wilson\My Documents\InformationResearch\ir\reviews\sofrev18\Review\tpicons\menu_root.gif --> vincent.lub.lu.se /ir/reviews/sofrev18/Review/tpicons menu_root.gif
2005.03.13 17:21 B C:\Documents and Settings\Tom Wilson\My Documents\InformationResearch\ir\reviews\sofrev18\Review\tpicons\menu_tee.gif --> vincent.lub.lu.se /ir/reviews/sofrev18/Review/tpicons menu_tee.gif
2005.03.13 17:21 B C:\Documents and Settings\Tom Wilson\My Documents\InformationResearch\ir\reviews\sofrev18\Review\tpicons\menu_tee_minus.gif --> vincent.lub.lu.se /ir/reviews/sofrev18/Review/tpicons menu_tee_minus.gif
2005.03.13 17:21 B C:\Documents and Settings\Tom Wilson\My Documents\InformationResearch\ir\reviews\sofrev18\Review\tpicons\menu_tee_plus.gif --> vincent.lub.lu.se /ir/reviews/sofrev18/Review/tpicons menu_tee_plus.gif
2005.03.13 17:21 B C:\Documents and Settings\Tom Wilson\My Documents\InformationResearch\ir\reviews\sofrev18\Review\tpicons\node.gif --> vincent.lub.lu.se /ir/reviews/sofrev18/Review/tpicons node.gif
2005.03.13 17:21 B C:\Documents and Settings\Tom Wilson\My Documents\InformationResearch\ir\reviews\sofrev18\Review\tpicons\nodebl.gif --> vincent.lub.lu.se /ir/reviews/sofrev18/Review/tpicons nodebl.gif
2005.03.13 17:21 B C:\Documents and Settings\Tom Wilson\My Documents\InformationResearch\ir\reviews\sofrev18\Review\tpicons\nodegr.gif --> vincent.lub.lu.se /ir/reviews/sofrev18/Review/tpicons nodegr.gif
2005.03.13 17:21 B C:\Documents and Settings\Tom Wilson\My Documents\InformationResearch\ir\reviews\sofrev18\Review\tpicons\nodegrey.gif --> vincent.lub.lu.se /ir/reviews/sofrev18/Review/tpicons nodegrey.gif
2005.03.13 17:21 B C:\Documents and Settings\Tom Wilson\My Documents\InformationResearch\ir\reviews\sofrev18\Review\tpicons\nodepu.gif --> vincent.lub.lu.se /ir/reviews/sofrev18/Review/tpicons nodepu.gif
2005.03.13 17:21 B C:\Documents and Settings\Tom Wilson\My Documents\InformationResearch\ir\reviews\sofrev18\Review\tpicons\nodere.gif --> vincent.lub.lu.se /ir/reviews/sofrev18/Review/tpicons nodere.gif
2005.03.13 17:21 B C:\Documents and Settings\Tom Wilson\My Documents\InformationResearch\ir\reviews\sofrev18\Review\tpicons\nodere.jpg --> vincent.lub.lu.se /ir/reviews/sofrev18/Review/tpicons nodere.jpg
2005.03.13 17:21 B C:\Documents and Settings\Tom Wilson\My Documents\InformationResearch\ir\reviews\sofrev18\Review\tpicons\nodeye.gif --> vincent.lub.lu.se /ir/reviews/sofrev18/Review/tpicons nodeye.gif
