102.02.11 15:59 B F:\ir\reviews\sofrev08\atlasti.ppt <-- InfoResearch /Web/i/infres/ir/reviews/sofrev08 atlasti.ppt
102.02.11 15:59 B F:\ir\reviews\sofrev08\BUFFALO.GIF <-- InfoResearch /Web/i/infres/ir/reviews/sofrev08 BUFFALO.GIF
102.02.11 15:59 B F:\ir\reviews\sofrev08\buffalo.txt <-- InfoResearch /Web/i/infres/ir/reviews/sofrev08 buffalo.txt
102.02.11 15:59 B F:\ir\reviews\sofrev08\buffmemo.gif <-- InfoResearch /Web/i/infres/ir/reviews/sofrev08 buffmemo.gif
102.02.11 16:00 B F:\ir\reviews\sofrev08\buffnet.gif <-- InfoResearch /Web/i/infres/ir/reviews/sofrev08 buffnet.gif
102.02.11 16:00 B F:\ir\reviews\sofrev08\buffnet2.gif <-- InfoResearch /Web/i/infres/ir/reviews/sofrev08 buffnet2.gif
102.02.11 16:00 B F:\ir\reviews\sofrev08\codes.gif <-- InfoResearch /Web/i/infres/ir/reviews/sofrev08 codes.gif
102.02.11 16:00 B F:\ir\reviews\sofrev08\death.gif <-- InfoResearch /Web/i/infres/ir/reviews/sofrev08 death.gif
102.02.11 16:00 B F:\ir\reviews\sofrev08\death.wmf <-- InfoResearch /Web/i/infres/ir/reviews/sofrev08 death.wmf
102.02.11 16:00 B F:\ir\reviews\sofrev08\FAMBULL.GIF <-- InfoResearch /Web/i/infres/ir/reviews/sofrev08 FAMBULL.GIF
102.02.11 16:00 B F:\ir\reviews\sofrev08\fcssdntw.gif <-- InfoResearch /Web/i/infres/ir/reviews/sofrev08 fcssdntw.gif
102.02.11 16:00 B F:\ir\reviews\sofrev08\fcssdntw2.gif <-- InfoResearch /Web/i/infres/ir/reviews/sofrev08 fcssdntw2.gif
102.02.11 16:00 B F:\ir\reviews\sofrev08\GRAFBULL.GIF <-- InfoResearch /Web/i/infres/ir/reviews/sofrev08 GRAFBULL.GIF
102.02.11 16:00 B F:\ir\reviews\sofrev08\Highlights.doc <-- InfoResearch /Web/i/infres/ir/reviews/sofrev08 Highlights.doc
102.02.11 16:00 B F:\ir\reviews\sofrev08\importnet.gif <-- InfoResearch /Web/i/infres/ir/reviews/sofrev08 importnet.gif
102.02.11 16:00 B F:\ir\reviews\sofrev08\merge.gif <-- InfoResearch /Web/i/infres/ir/reviews/sofrev08 merge.gif
102.02.11 16:00 B F:\ir\reviews\sofrev08\merger.hpr <-- InfoResearch /Web/i/infres/ir/reviews/sofrev08 merger.hpr
102.02.11 16:00 B F:\ir\reviews\sofrev08\norway.bmp <-- InfoResearch /Web/i/infres/ir/reviews/sofrev08 norway.bmp
102.02.11 16:00 B F:\ir\reviews\sofrev08\norway.gif <-- InfoResearch /Web/i/infres/ir/reviews/sofrev08 norway.gif
102.02.11 16:00 B F:\ir\reviews\sofrev08\NWBULLET.GIF <-- InfoResearch /Web/i/infres/ir/reviews/sofrev08 NWBULLET.GIF
102.02.11 16:00 B F:\ir\reviews\sofrev08\Parrot.hpr <-- InfoResearch /Web/i/infres/ir/reviews/sofrev08 Parrot.hpr
102.02.11 16:00 B F:\ir\reviews\sofrev08\Parrot.html <-- InfoResearch /Web/i/infres/ir/reviews/sofrev08 Parrot.html
102.02.11 16:00 B F:\ir\reviews\sofrev08\parrot.txt <-- InfoResearch /Web/i/infres/ir/reviews/sofrev08 parrot.txt
102.02.11 16:00 B F:\ir\reviews\sofrev08\parrot04.gif <-- InfoResearch /Web/i/infres/ir/reviews/sofrev08 parrot04.gif
102.02.11 16:00 B F:\ir\reviews\sofrev08\PARROT04.jpg <-- InfoResearch /Web/i/infres/ir/reviews/sofrev08 PARROT04.jpg
102.02.11 16:00 B F:\ir\reviews\sofrev08\ptbullet.gif <-- InfoResearch /Web/i/infres/ir/reviews/sofrev08 ptbullet.gif
102.02.11 16:00 B F:\ir\reviews\sofrev08\reviews.html <-- InfoResearch /Web/i/infres/ir/reviews/sofrev08 reviews.html
102.02.11 16:00 B F:\ir\reviews\sofrev08\sofrev08.html <-- InfoResearch /Web/i/infres/ir/reviews/sofrev08 sofrev08.html
2005.03.13 17:17 B C:\Documents and Settings\Tom Wilson\My Documents\InformationResearch\ir\reviews\sofrev08\atlasti.ppt --> vincent.lub.lu.se /ir/reviews/sofrev08 atlasti.ppt
2005.03.13 17:17 B C:\Documents and Settings\Tom Wilson\My Documents\InformationResearch\ir\reviews\sofrev08\BUFFALO.GIF --> vincent.lub.lu.se /ir/reviews/sofrev08 BUFFALO.GIF
2005.03.13 17:17 B C:\Documents and Settings\Tom Wilson\My Documents\InformationResearch\ir\reviews\sofrev08\buffalo.txt --> vincent.lub.lu.se /ir/reviews/sofrev08 buffalo.txt
2005.03.13 17:17 B C:\Documents and Settings\Tom Wilson\My Documents\InformationResearch\ir\reviews\sofrev08\buffmemo.gif --> vincent.lub.lu.se /ir/reviews/sofrev08 buffmemo.gif
2005.03.13 17:17 B C:\Documents and Settings\Tom Wilson\My Documents\InformationResearch\ir\reviews\sofrev08\buffnet.gif --> vincent.lub.lu.se /ir/reviews/sofrev08 buffnet.gif
2005.03.13 17:17 B C:\Documents and Settings\Tom Wilson\My Documents\InformationResearch\ir\reviews\sofrev08\buffnet2.gif --> vincent.lub.lu.se /ir/reviews/sofrev08 buffnet2.gif
2005.03.13 17:17 B C:\Documents and Settings\Tom Wilson\My Documents\InformationResearch\ir\reviews\sofrev08\codes.gif --> vincent.lub.lu.se /ir/reviews/sofrev08 codes.gif
2005.03.13 17:17 B C:\Documents and Settings\Tom Wilson\My Documents\InformationResearch\ir\reviews\sofrev08\death.gif --> vincent.lub.lu.se /ir/reviews/sofrev08 death.gif
2005.03.13 17:17 B C:\Documents and Settings\Tom Wilson\My Documents\InformationResearch\ir\reviews\sofrev08\death.wmf --> vincent.lub.lu.se /ir/reviews/sofrev08 death.wmf
2005.03.13 17:17 B C:\Documents and Settings\Tom Wilson\My Documents\InformationResearch\ir\reviews\sofrev08\FAMBULL.GIF --> vincent.lub.lu.se /ir/reviews/sofrev08 FAMBULL.GIF
2005.03.13 17:17 B C:\Documents and Settings\Tom Wilson\My Documents\InformationResearch\ir\reviews\sofrev08\fcssdntw.gif --> vincent.lub.lu.se /ir/reviews/sofrev08 fcssdntw.gif
2005.03.13 17:17 B C:\Documents and Settings\Tom Wilson\My Documents\InformationResearch\ir\reviews\sofrev08\fcssdntw2.gif --> vincent.lub.lu.se /ir/reviews/sofrev08 fcssdntw2.gif
2005.03.13 17:17 B C:\Documents and Settings\Tom Wilson\My Documents\InformationResearch\ir\reviews\sofrev08\GRAFBULL.GIF --> vincent.lub.lu.se /ir/reviews/sofrev08 GRAFBULL.GIF
2005.03.13 17:17 B C:\Documents and Settings\Tom Wilson\My Documents\InformationResearch\ir\reviews\sofrev08\Highlights.doc --> vincent.lub.lu.se /ir/reviews/sofrev08 Highlights.doc
2005.03.13 17:17 B C:\Documents and Settings\Tom Wilson\My Documents\InformationResearch\ir\reviews\sofrev08\importnet.gif --> vincent.lub.lu.se /ir/reviews/sofrev08 importnet.gif
2005.03.13 17:17 B C:\Documents and Settings\Tom Wilson\My Documents\InformationResearch\ir\reviews\sofrev08\merge.gif --> vincent.lub.lu.se /ir/reviews/sofrev08 merge.gif
2005.03.13 17:17 B C:\Documents and Settings\Tom Wilson\My Documents\InformationResearch\ir\reviews\sofrev08\merger.hpr --> vincent.lub.lu.se /ir/reviews/sofrev08 merger.hpr
2005.03.13 17:18 B C:\Documents and Settings\Tom Wilson\My Documents\InformationResearch\ir\reviews\sofrev08\norway.bmp --> vincent.lub.lu.se /ir/reviews/sofrev08 norway.bmp
2005.03.13 17:18 B C:\Documents and Settings\Tom Wilson\My Documents\InformationResearch\ir\reviews\sofrev08\norway.gif --> vincent.lub.lu.se /ir/reviews/sofrev08 norway.gif
2005.03.13 17:18 B C:\Documents and Settings\Tom Wilson\My Documents\InformationResearch\ir\reviews\sofrev08\NWBULLET.GIF --> vincent.lub.lu.se /ir/reviews/sofrev08 NWBULLET.GIF
2005.03.13 17:18 B C:\Documents and Settings\Tom Wilson\My Documents\InformationResearch\ir\reviews\sofrev08\Parrot.hpr --> vincent.lub.lu.se /ir/reviews/sofrev08 Parrot.hpr
2005.03.13 17:18 B C:\Documents and Settings\Tom Wilson\My Documents\InformationResearch\ir\reviews\sofrev08\Parrot.html --> vincent.lub.lu.se /ir/reviews/sofrev08 Parrot.html
2005.03.13 17:18 B C:\Documents and Settings\Tom Wilson\My Documents\InformationResearch\ir\reviews\sofrev08\parrot.txt --> vincent.lub.lu.se /ir/reviews/sofrev08 parrot.txt
2005.03.13 17:18 B C:\Documents and Settings\Tom Wilson\My Documents\InformationResearch\ir\reviews\sofrev08\parrot04.gif --> vincent.lub.lu.se /ir/reviews/sofrev08 parrot04.gif
2005.03.13 17:18 B C:\Documents and Settings\Tom Wilson\My Documents\InformationResearch\ir\reviews\sofrev08\PARROT04.jpg --> vincent.lub.lu.se /ir/reviews/sofrev08 PARROT04.jpg
2005.03.13 17:18 B C:\Documents and Settings\Tom Wilson\My Documents\InformationResearch\ir\reviews\sofrev08\Picasa.ini --> vincent.lub.lu.se /ir/reviews/sofrev08 Picasa.ini
2005.03.13 17:18 B C:\Documents and Settings\Tom Wilson\My Documents\InformationResearch\ir\reviews\sofrev08\ptbullet.gif --> vincent.lub.lu.se /ir/reviews/sofrev08 ptbullet.gif
2005.03.13 17:18 B C:\Documents and Settings\Tom Wilson\My Documents\InformationResearch\ir\reviews\sofrev08\reviews.html --> vincent.lub.lu.se /ir/reviews/sofrev08 reviews.html
2005.03.13 17:18 B C:\Documents and Settings\Tom Wilson\My Documents\InformationResearch\ir\reviews\sofrev08\sofrev08.html --> vincent.lub.lu.se /ir/reviews/sofrev08 sofrev08.html
2005.03.13 17:18 B C:\Documents and Settings\Tom Wilson\My Documents\InformationResearch\ir\reviews\sofrev08\WS_FTP.LOG --> vincent.lub.lu.se /ir/reviews/sofrev08 WS_FTP.LOG
