2003.10.14 11:48 B C:\InformationResearch\ir\reviews\sofrev15\OwnPalm1.jpg --> www.shef.ac.uk /Web/i/infres/ir/reviews/sofrev15 OwnPalm1.jpg
2003.10.14 11:48 B C:\InformationResearch\ir\reviews\sofrev15\OwnPalm2.jpg --> www.shef.ac.uk /Web/i/infres/ir/reviews/sofrev15 OwnPalm2.jpg
2003.10.14 11:48 B C:\InformationResearch\ir\reviews\sofrev15\sofrev15.html --> www.shef.ac.uk /Web/i/infres/ir/reviews/sofrev15 sofrev15.html
2003.10.14 11:48 B C:\InformationResearch\ir\reviews\sofrev15\srev15fig1.jpg --> www.shef.ac.uk /Web/i/infres/ir/reviews/sofrev15 srev15fig1.jpg
2003.10.14 11:48 B C:\InformationResearch\ir\reviews\sofrev15\srev15fig10.gif --> www.shef.ac.uk /Web/i/infres/ir/reviews/sofrev15 srev15fig10.gif
2003.10.14 11:48 B C:\InformationResearch\ir\reviews\sofrev15\srev15fig11.gif --> www.shef.ac.uk /Web/i/infres/ir/reviews/sofrev15 srev15fig11.gif
2003.10.14 11:48 B C:\InformationResearch\ir\reviews\sofrev15\srev15fig2.jpg --> www.shef.ac.uk /Web/i/infres/ir/reviews/sofrev15 srev15fig2.jpg
2003.10.14 11:48 B C:\InformationResearch\ir\reviews\sofrev15\srev15fig3.jpg --> www.shef.ac.uk /Web/i/infres/ir/reviews/sofrev15 srev15fig3.jpg
2003.10.14 11:48 B C:\InformationResearch\ir\reviews\sofrev15\srev15fig4.gif --> www.shef.ac.uk /Web/i/infres/ir/reviews/sofrev15 srev15fig4.gif
2003.10.14 11:49 B C:\InformationResearch\ir\reviews\sofrev15\srev15fig5.gif --> www.shef.ac.uk /Web/i/infres/ir/reviews/sofrev15 srev15fig5.gif
2003.10.14 11:49 B C:\InformationResearch\ir\reviews\sofrev15\srev15fig6.gif --> www.shef.ac.uk /Web/i/infres/ir/reviews/sofrev15 srev15fig6.gif
2003.10.14 11:49 B C:\InformationResearch\ir\reviews\sofrev15\srev15fig7.gif --> www.shef.ac.uk /Web/i/infres/ir/reviews/sofrev15 srev15fig7.gif
2003.10.14 11:49 B C:\InformationResearch\ir\reviews\sofrev15\srev15fig8.gif --> www.shef.ac.uk /Web/i/infres/ir/reviews/sofrev15 srev15fig8.gif
2003.10.14 11:49 B C:\InformationResearch\ir\reviews\sofrev15\srev15fig9.gif --> www.shef.ac.uk /Web/i/infres/ir/reviews/sofrev15 srev15fig9.gif
2005.03.13 17:19 B C:\Documents and Settings\Tom Wilson\My Documents\InformationResearch\ir\reviews\sofrev15\OwnPalm1.jpg --> vincent.lub.lu.se /ir/reviews/sofrev15 OwnPalm1.jpg
2005.03.13 17:19 B C:\Documents and Settings\Tom Wilson\My Documents\InformationResearch\ir\reviews\sofrev15\OwnPalm2.jpg --> vincent.lub.lu.se /ir/reviews/sofrev15 OwnPalm2.jpg
2005.03.13 17:19 B C:\Documents and Settings\Tom Wilson\My Documents\InformationResearch\ir\reviews\sofrev15\Picasa.ini --> vincent.lub.lu.se /ir/reviews/sofrev15 Picasa.ini
2005.03.13 17:19 B C:\Documents and Settings\Tom Wilson\My Documents\InformationResearch\ir\reviews\sofrev15\sofrev15.html --> vincent.lub.lu.se /ir/reviews/sofrev15 sofrev15.html
2005.03.13 17:19 B C:\Documents and Settings\Tom Wilson\My Documents\InformationResearch\ir\reviews\sofrev15\srev15fig1.jpg --> vincent.lub.lu.se /ir/reviews/sofrev15 srev15fig1.jpg
2005.03.13 17:19 B C:\Documents and Settings\Tom Wilson\My Documents\InformationResearch\ir\reviews\sofrev15\srev15fig10.gif --> vincent.lub.lu.se /ir/reviews/sofrev15 srev15fig10.gif
2005.03.13 17:19 B C:\Documents and Settings\Tom Wilson\My Documents\InformationResearch\ir\reviews\sofrev15\srev15fig11.gif --> vincent.lub.lu.se /ir/reviews/sofrev15 srev15fig11.gif
2005.03.13 17:19 B C:\Documents and Settings\Tom Wilson\My Documents\InformationResearch\ir\reviews\sofrev15\srev15fig2.jpg --> vincent.lub.lu.se /ir/reviews/sofrev15 srev15fig2.jpg
2005.03.13 17:19 B C:\Documents and Settings\Tom Wilson\My Documents\InformationResearch\ir\reviews\sofrev15\srev15fig3.jpg --> vincent.lub.lu.se /ir/reviews/sofrev15 srev15fig3.jpg
2005.03.13 17:19 B C:\Documents and Settings\Tom Wilson\My Documents\InformationResearch\ir\reviews\sofrev15\srev15fig4.gif --> vincent.lub.lu.se /ir/reviews/sofrev15 srev15fig4.gif
2005.03.13 17:19 B C:\Documents and Settings\Tom Wilson\My Documents\InformationResearch\ir\reviews\sofrev15\srev15fig5.gif --> vincent.lub.lu.se /ir/reviews/sofrev15 srev15fig5.gif
2005.03.13 17:19 B C:\Documents and Settings\Tom Wilson\My Documents\InformationResearch\ir\reviews\sofrev15\srev15fig6.gif --> vincent.lub.lu.se /ir/reviews/sofrev15 srev15fig6.gif
2005.03.13 17:19 B C:\Documents and Settings\Tom Wilson\My Documents\InformationResearch\ir\reviews\sofrev15\srev15fig7.gif --> vincent.lub.lu.se /ir/reviews/sofrev15 srev15fig7.gif
2005.03.13 17:19 B C:\Documents and Settings\Tom Wilson\My Documents\InformationResearch\ir\reviews\sofrev15\srev15fig8.gif --> vincent.lub.lu.se /ir/reviews/sofrev15 srev15fig8.gif
2005.03.13 17:19 B C:\Documents and Settings\Tom Wilson\My Documents\InformationResearch\ir\reviews\sofrev15\srev15fig9.gif --> vincent.lub.lu.se /ir/reviews/sofrev15 srev15fig9.gif
2005.03.13 17:19 B C:\Documents and Settings\Tom Wilson\My Documents\InformationResearch\ir\reviews\sofrev15\WS_FTP.LOG --> vincent.lub.lu.se /ir/reviews/sofrev15 WS_FTP.LOG
