102.02.11 16:00 B F:\ir\reviews\sofrev1to4\COPAC.gif <-- InfoResearch /Web/i/infres/ir/reviews/sofrev1to4 COPAC.gif
102.02.11 16:00 B F:\ir\reviews\sofrev1to4\endnote1.gif <-- InfoResearch /Web/i/infres/ir/reviews/sofrev1to4 endnote1.gif
102.02.11 16:00 B F:\ir\reviews\sofrev1to4\endnote2.gif <-- InfoResearch /Web/i/infres/ir/reviews/sofrev1to4 endnote2.gif
102.02.11 16:00 B F:\ir\reviews\sofrev1to4\HSite1.gif <-- InfoResearch /Web/i/infres/ir/reviews/sofrev1to4 HSite1.gif
102.02.11 16:00 B F:\ir\reviews\sofrev1to4\HSite2.gif <-- InfoResearch /Web/i/infres/ir/reviews/sofrev1to4 HSite2.gif
102.02.11 16:00 B F:\ir\reviews\sofrev1to4\HSite3.gif <-- InfoResearch /Web/i/infres/ir/reviews/sofrev1to4 HSite3.gif
102.02.11 16:00 B F:\ir\reviews\sofrev1to4\HSite4.gif <-- InfoResearch /Web/i/infres/ir/reviews/sofrev1to4 HSite4.gif
102.02.11 16:00 B F:\ir\reviews\sofrev1to4\HSite5.gif <-- InfoResearch /Web/i/infres/ir/reviews/sofrev1to4 HSite5.gif
102.02.11 16:00 B F:\ir\reviews\sofrev1to4\sofrev01.html <-- InfoResearch /Web/i/infres/ir/reviews/sofrev1to4 sofrev01.html
102.02.11 16:00 B F:\ir\reviews\sofrev1to4\sofrev02.html <-- InfoResearch /Web/i/infres/ir/reviews/sofrev1to4 sofrev02.html
102.02.11 16:00 B F:\ir\reviews\sofrev1to4\sofrev03.html <-- InfoResearch /Web/i/infres/ir/reviews/sofrev1to4 sofrev03.html
102.02.11 16:00 B F:\ir\reviews\sofrev1to4\sofrev04.html <-- InfoResearch /Web/i/infres/ir/reviews/sofrev1to4 sofrev04.html
102.02.11 16:00 B F:\ir\reviews\sofrev1to4\treepad1.gif <-- InfoResearch /Web/i/infres/ir/reviews/sofrev1to4 treepad1.gif
102.02.11 16:00 B F:\ir\reviews\sofrev1to4\treepad2.gif <-- InfoResearch /Web/i/infres/ir/reviews/sofrev1to4 treepad2.gif
102.02.11 16:00 B F:\ir\reviews\sofrev1to4\treepad3.gif <-- InfoResearch /Web/i/infres/ir/reviews/sofrev1to4 treepad3.gif
2005.03.13 17:22 B C:\Documents and Settings\Tom Wilson\My Documents\InformationResearch\ir\reviews\sofrev1to4\COPAC.gif --> vincent.lub.lu.se /ir/reviews/sofrev1to4 COPAC.gif
2005.03.13 17:22 B C:\Documents and Settings\Tom Wilson\My Documents\InformationResearch\ir\reviews\sofrev1to4\endnote1.gif --> vincent.lub.lu.se /ir/reviews/sofrev1to4 endnote1.gif
2005.03.13 17:22 B C:\Documents and Settings\Tom Wilson\My Documents\InformationResearch\ir\reviews\sofrev1to4\endnote2.gif --> vincent.lub.lu.se /ir/reviews/sofrev1to4 endnote2.gif
2005.03.13 17:22 B C:\Documents and Settings\Tom Wilson\My Documents\InformationResearch\ir\reviews\sofrev1to4\HSite1.gif --> vincent.lub.lu.se /ir/reviews/sofrev1to4 HSite1.gif
2005.03.13 17:22 B C:\Documents and Settings\Tom Wilson\My Documents\InformationResearch\ir\reviews\sofrev1to4\HSite2.gif --> vincent.lub.lu.se /ir/reviews/sofrev1to4 HSite2.gif
2005.03.13 17:22 B C:\Documents and Settings\Tom Wilson\My Documents\InformationResearch\ir\reviews\sofrev1to4\HSite3.gif --> vincent.lub.lu.se /ir/reviews/sofrev1to4 HSite3.gif
2005.03.13 17:22 B C:\Documents and Settings\Tom Wilson\My Documents\InformationResearch\ir\reviews\sofrev1to4\HSite4.gif --> vincent.lub.lu.se /ir/reviews/sofrev1to4 HSite4.gif
2005.03.13 17:22 B C:\Documents and Settings\Tom Wilson\My Documents\InformationResearch\ir\reviews\sofrev1to4\HSite5.gif --> vincent.lub.lu.se /ir/reviews/sofrev1to4 HSite5.gif
2005.03.13 17:22 B C:\Documents and Settings\Tom Wilson\My Documents\InformationResearch\ir\reviews\sofrev1to4\Picasa.ini --> vincent.lub.lu.se /ir/reviews/sofrev1to4 Picasa.ini
2005.03.13 17:22 B C:\Documents and Settings\Tom Wilson\My Documents\InformationResearch\ir\reviews\sofrev1to4\sofrev01.html --> vincent.lub.lu.se /ir/reviews/sofrev1to4 sofrev01.html
2005.03.13 17:22 B C:\Documents and Settings\Tom Wilson\My Documents\InformationResearch\ir\reviews\sofrev1to4\sofrev02.html --> vincent.lub.lu.se /ir/reviews/sofrev1to4 sofrev02.html
2005.03.13 17:22 B C:\Documents and Settings\Tom Wilson\My Documents\InformationResearch\ir\reviews\sofrev1to4\sofrev03.html --> vincent.lub.lu.se /ir/reviews/sofrev1to4 sofrev03.html
2005.03.13 17:22 B C:\Documents and Settings\Tom Wilson\My Documents\InformationResearch\ir\reviews\sofrev1to4\sofrev04.html --> vincent.lub.lu.se /ir/reviews/sofrev1to4 sofrev04.html
2005.03.13 17:23 B C:\Documents and Settings\Tom Wilson\My Documents\InformationResearch\ir\reviews\sofrev1to4\treepad1.gif --> vincent.lub.lu.se /ir/reviews/sofrev1to4 treepad1.gif
2005.03.13 17:23 B C:\Documents and Settings\Tom Wilson\My Documents\InformationResearch\ir\reviews\sofrev1to4\treepad2.gif --> vincent.lub.lu.se /ir/reviews/sofrev1to4 treepad2.gif
2005.03.13 17:23 B C:\Documents and Settings\Tom Wilson\My Documents\InformationResearch\ir\reviews\sofrev1to4\treepad3.gif --> vincent.lub.lu.se /ir/reviews/sofrev1to4 treepad3.gif
2005.03.13 17:23 B C:\Documents and Settings\Tom Wilson\My Documents\InformationResearch\ir\reviews\sofrev1to4\WS_FTP.LOG --> vincent.lub.lu.se /ir/reviews/sofrev1to4 WS_FTP.LOG
2005.11.18 22:55 B C:\Documents and Settings\Tom Wilson\My Documents\InformationResearch\ir\reviews\sofrev1to4\Picasa.ini --> vincent.lub.lu.se /ir/reviews/sofrev1to4 Picasa.ini
