102.02.11 15:58 B F:\ir\reviews\Archives\CODING2.DOC <-- InfoResearch /Web/i/infres/ir/reviews/Archives CODING2.DOC
102.02.11 15:58 B F:\ir\reviews\Archives\colis2.htm <-- InfoResearch /Web/i/infres/ir/reviews/Archives colis2.htm
102.02.11 15:58 B F:\ir\reviews\Archives\DECONSK.DOC <-- InfoResearch /Web/i/infres/ir/reviews/Archives DECONSK.DOC
102.02.11 15:58 B F:\ir\reviews\Archives\ELVIRAKE.DOC <-- InfoResearch /Web/i/infres/ir/reviews/Archives ELVIRAKE.DOC
2005.03.13 17:13 B C:\Documents and Settings\Tom Wilson\My Documents\InformationResearch\ir\reviews\Archives\CODING2.DOC --> vincent.lub.lu.se /ir/reviews/Archives CODING2.DOC
2005.03.13 17:13 B C:\Documents and Settings\Tom Wilson\My Documents\InformationResearch\ir\reviews\Archives\colis2.htm --> vincent.lub.lu.se /ir/reviews/Archives colis2.htm
2005.03.13 17:13 B C:\Documents and Settings\Tom Wilson\My Documents\InformationResearch\ir\reviews\Archives\DECONSK.DOC --> vincent.lub.lu.se /ir/reviews/Archives DECONSK.DOC
2005.03.13 17:13 B C:\Documents and Settings\Tom Wilson\My Documents\InformationResearch\ir\reviews\Archives\ELVIRAKE.DOC --> vincent.lub.lu.se /ir/reviews/Archives ELVIRAKE.DOC
2005.03.13 17:13 B C:\Documents and Settings\Tom Wilson\My Documents\InformationResearch\ir\reviews\Archives\Picasa.ini --> vincent.lub.lu.se /ir/reviews/Archives Picasa.ini
2005.03.13 17:13 B C:\Documents and Settings\Tom Wilson\My Documents\InformationResearch\ir\reviews\Archives\revs115.html --> vincent.lub.lu.se /ir/reviews/Archives revs115.html
2005.03.13 17:13 B C:\Documents and Settings\Tom Wilson\My Documents\InformationResearch\ir\reviews\Archives\revs115.jpg --> vincent.lub.lu.se /ir/reviews/Archives revs115.jpg
2005.03.13 17:13 B C:\Documents and Settings\Tom Wilson\My Documents\InformationResearch\ir\reviews\Archives\revs116.html --> vincent.lub.lu.se /ir/reviews/Archives revs116.html
2005.03.13 17:13 B C:\Documents and Settings\Tom Wilson\My Documents\InformationResearch\ir\reviews\Archives\revs116fig.gif --> vincent.lub.lu.se /ir/reviews/Archives revs116fig.gif
2005.03.13 17:13 B C:\Documents and Settings\Tom Wilson\My Documents\InformationResearch\ir\reviews\Archives\revs117.html --> vincent.lub.lu.se /ir/reviews/Archives revs117.html
2005.03.13 17:13 B C:\Documents and Settings\Tom Wilson\My Documents\InformationResearch\ir\reviews\Archives\revs117fig.gif --> vincent.lub.lu.se /ir/reviews/Archives revs117fig.gif
2005.03.13 17:13 B C:\Documents and Settings\Tom Wilson\My Documents\InformationResearch\ir\reviews\Archives\revs118.html --> vincent.lub.lu.se /ir/reviews/Archives revs118.html
2005.03.13 17:13 B C:\Documents and Settings\Tom Wilson\My Documents\InformationResearch\ir\reviews\Archives\revs125.html --> vincent.lub.lu.se /ir/reviews/Archives revs125.html
2005.03.13 17:13 B C:\Documents and Settings\Tom Wilson\My Documents\InformationResearch\ir\reviews\Archives\WS_FTP.LOG --> vincent.lub.lu.se /ir/reviews/Archives WS_FTP.LOG
2005.11.18 22:53 B C:\Documents and Settings\Tom Wilson\My Documents\InformationResearch\ir\reviews\Archives\revs115.html --> vincent.lub.lu.se /ir/reviews/Archives revs115.html
2005.11.18 22:53 B C:\Documents and Settings\Tom Wilson\My Documents\InformationResearch\ir\reviews\Archives\revs116.html --> vincent.lub.lu.se /ir/reviews/Archives revs116.html
2005.11.18 22:53 B C:\Documents and Settings\Tom Wilson\My Documents\InformationResearch\ir\reviews\Archives\revs117.html --> vincent.lub.lu.se /ir/reviews/Archives revs117.html
2005.11.18 22:53 B C:\Documents and Settings\Tom Wilson\My Documents\InformationResearch\ir\reviews\Archives\revs118.html --> vincent.lub.lu.se /ir/reviews/Archives revs118.html
2005.11.18 22:53 B C:\Documents and Settings\Tom Wilson\My Documents\InformationResearch\ir\reviews\Archives\revs125.html --> vincent.lub.lu.se /ir/reviews/Archives revs125.html
